<?xml version="1.0" encoding="UTF-8"?>
<testsuite xmlns:xsi="http://www.w3.org/2001/XMLSchema-instance" xsi:noNamespaceSchemaLocation="https://maven.apache.org/surefire/maven-surefire-plugin/xsd/surefire-test-report.xsd" name="com.eval.coronakit.test.Functional.UserControllerTest" time="1.574" tests="7" errors="1" skipped="0" failures="0">
  <properties>
    <property name="sun.desktop" value="windows"/>
    <property name="awt.toolkit" value="sun.awt.windows.WToolkit"/>
    <property name="file.encoding.pkg" value="sun.io"/>
    <property name="java.specification.version" value="1.8"/>
    <property name="sun.cpu.isalist" value="amd64"/>
    <property name="sun.jnu.encoding" value="Cp1252"/>
    <property name="java.class.path" value="C:\Users\wellsfargofsd20\Downloads\coronakit-sba2-springboot-mvc-master\target\test-classes;C:\Users\wellsfargofsd20\Downloads\coronakit-sba2-springboot-mvc-master\target\classes;C:\Users\wellsfargofsd20\.m2\repository\org\springframework\boot\spring-boot-starter-data-jpa\2.2.9.RELEASE\spring-boot-starter-data-jpa-2.2.9.RELEASE.jar;C:\Users\wellsfargofsd20\.m2\repository\org\springframework\boot\spring-boot-starter-aop\2.2.9.RELEASE\spring-boot-starter-aop-2.2.9.RELEASE.jar;C:\Users\wellsfargofsd20\.m2\repository\org\aspectj\aspectjweaver\1.9.6\aspectjweaver-1.9.6.jar;C:\Users\wellsfargofsd20\.m2\repository\org\springframework\boot\spring-boot-starter-jdbc\2.2.9.RELEASE\spring-boot-starter-jdbc-2.2.9.RELEASE.jar;C:\Users\wellsfargofsd20\.m2\repository\com\zaxxer\HikariCP\3.4.5\HikariCP-3.4.5.jar;C:\Users\wellsfargofsd20\.m2\repository\org\springframework\spring-jdbc\5.2.8.RELEASE\spring-jdbc-5.2.8.RELEASE.jar;C:\Users\wellsfargofsd20\.m2\repository\jakarta\persistence\jakarta.persistence-api\2.2.3\jakarta.persistence-api-2.2.3.jar;C:\Users\wellsfargofsd20\.m2\repository\jakarta\transaction\jakarta.transaction-api\1.3.3\jakarta.transaction-api-1.3.3.jar;C:\Users\wellsfargofsd20\.m2\repository\org\hibernate\hibernate-core\5.4.18.Final\hibernate-core-5.4.18.Final.jar;C:\Users\wellsfargofsd20\.m2\repository\org\jboss\logging\jboss-logging\3.4.1.Final\jboss-logging-3.4.1.Final.jar;C:\Users\wellsfargofsd20\.m2\repository\org\javassist\javassist\3.24.0-GA\javassist-3.24.0-GA.jar;C:\Users\wellsfargofsd20\.m2\repository\net\bytebuddy\byte-buddy\1.10.13\byte-buddy-1.10.13.jar;C:\Users\wellsfargofsd20\.m2\repository\antlr\antlr\2.7.7\antlr-2.7.7.jar;C:\Users\wellsfargofsd20\.m2\repository\org\jboss\jandex\2.1.3.Final\jandex-2.1.3.Final.jar;C:\Users\wellsfargofsd20\.m2\repository\com\fasterxml\classmate\1.5.1\classmate-1.5.1.jar;C:\Users\wellsfargofsd20\.m2\repository\org\dom4j\dom4j\2.1.3\dom4j-2.1.3.jar;C:\Users\wellsfargofsd20\.m2\repository\org\hibernate\common\hibernate-commons-annotations\5.1.0.Final\hibernate-commons-annotations-5.1.0.Final.jar;C:\Users\wellsfargofsd20\.m2\repository\org\glassfish\jaxb\jaxb-runtime\2.3.3\jaxb-runtime-2.3.3.jar;C:\Users\wellsfargofsd20\.m2\repository\org\glassfish\jaxb\txw2\2.3.3\txw2-2.3.3.jar;C:\Users\wellsfargofsd20\.m2\repository\com\sun\istack\istack-commons-runtime\3.0.11\istack-commons-runtime-3.0.11.jar;C:\Users\wellsfargofsd20\.m2\repository\com\sun\activation\jakarta.activation\1.2.2\jakarta.activation-1.2.2.jar;C:\Users\wellsfargofsd20\.m2\repository\org\springframework\data\spring-data-jpa\2.2.9.RELEASE\spring-data-jpa-2.2.9.RELEASE.jar;C:\Users\wellsfargofsd20\.m2\repository\org\springframework\data\spring-data-commons\2.2.9.RELEASE\spring-data-commons-2.2.9.RELEASE.jar;C:\Users\wellsfargofsd20\.m2\repository\org\springframework\spring-orm\5.2.8.RELEASE\spring-orm-5.2.8.RELEASE.jar;C:\Users\wellsfargofsd20\.m2\repository\org\springframework\spring-tx\5.2.8.RELEASE\spring-tx-5.2.8.RELEASE.jar;C:\Users\wellsfargofsd20\.m2\repository\org\slf4j\slf4j-api\1.7.30\slf4j-api-1.7.30.jar;C:\Users\wellsfargofsd20\.m2\repository\org\springframework\spring-aspects\5.2.8.RELEASE\spring-aspects-5.2.8.RELEASE.jar;C:\Users\wellsfargofsd20\.m2\repository\com\h2database\h2\1.4.192\h2-1.4.192.jar;C:\Users\wellsfargofsd20\.m2\repository\org\springframework\boot\spring-boot-starter-security\2.2.9.RELEASE\spring-boot-starter-security-2.2.9.RELEASE.jar;C:\Users\wellsfargofsd20\.m2\repository\org\springframework\boot\spring-boot-starter\2.2.9.RELEASE\spring-boot-starter-2.2.9.RELEASE.jar;C:\Users\wellsfargofsd20\.m2\repository\org\springframework\boot\spring-boot-starter-logging\2.2.9.RELEASE\spring-boot-starter-logging-2.2.9.RELEASE.jar;C:\Users\wellsfargofsd20\.m2\repository\ch\qos\logback\logback-classic\1.2.3\logback-classic-1.2.3.jar;C:\Users\wellsfargofsd20\.m2\repository\ch\qos\logback\logback-core\1.2.3\logback-core-1.2.3.jar;C:\Users\wellsfargofsd20\.m2\repository\org\apache\logging\log4j\log4j-to-slf4j\2.12.1\log4j-to-slf4j-2.12.1.jar;C:\Users\wellsfargofsd20\.m2\repository\org\apache\logging\log4j\log4j-api\2.12.1\log4j-api-2.12.1.jar;C:\Users\wellsfargofsd20\.m2\repository\org\slf4j\jul-to-slf4j\1.7.30\jul-to-slf4j-1.7.30.jar;C:\Users\wellsfargofsd20\.m2\repository\jakarta\annotation\jakarta.annotation-api\1.3.5\jakarta.annotation-api-1.3.5.jar;C:\Users\wellsfargofsd20\.m2\repository\org\yaml\snakeyaml\1.25\snakeyaml-1.25.jar;C:\Users\wellsfargofsd20\.m2\repository\org\springframework\spring-aop\5.2.8.RELEASE\spring-aop-5.2.8.RELEASE.jar;C:\Users\wellsfargofsd20\.m2\repository\org\springframework\security\spring-security-config\5.2.5.RELEASE\spring-security-config-5.2.5.RELEASE.jar;C:\Users\wellsfargofsd20\.m2\repository\org\springframework\security\spring-security-web\5.2.5.RELEASE\spring-security-web-5.2.5.RELEASE.jar;C:\Users\wellsfargofsd20\.m2\repository\org\springframework\security\spring-security-taglibs\5.2.2.RELEASE\spring-security-taglibs-5.2.2.RELEASE.jar;C:\Users\wellsfargofsd20\.m2\repository\org\springframework\security\spring-security-acl\5.2.5.RELEASE\spring-security-acl-5.2.5.RELEASE.jar;C:\Users\wellsfargofsd20\.m2\repository\org\springframework\security\spring-security-core\5.2.5.RELEASE\spring-security-core-5.2.5.RELEASE.jar;C:\Users\wellsfargofsd20\.m2\repository\org\springframework\spring-beans\5.2.8.RELEASE\spring-beans-5.2.8.RELEASE.jar;C:\Users\wellsfargofsd20\.m2\repository\org\springframework\spring-context\5.2.8.RELEASE\spring-context-5.2.8.RELEASE.jar;C:\Users\wellsfargofsd20\.m2\repository\org\springframework\spring-core\5.2.8.RELEASE\spring-core-5.2.8.RELEASE.jar;C:\Users\wellsfargofsd20\.m2\repository\org\springframework\spring-expression\5.2.8.RELEASE\spring-expression-5.2.8.RELEASE.jar;C:\Users\wellsfargofsd20\.m2\repository\org\springframework\spring-web\5.2.8.RELEASE\spring-web-5.2.8.RELEASE.jar;C:\Users\wellsfargofsd20\.m2\repository\org\springframework\boot\spring-boot-starter-web\2.2.9.RELEASE\spring-boot-starter-web-2.2.9.RELEASE.jar;C:\Users\wellsfargofsd20\.m2\repository\org\springframework\boot\spring-boot-starter-json\2.2.9.RELEASE\spring-boot-starter-json-2.2.9.RELEASE.jar;C:\Users\wellsfargofsd20\.m2\repository\com\fasterxml\jackson\core\jackson-databind\2.10.5\jackson-databind-2.10.5.jar;C:\Users\wellsfargofsd20\.m2\repository\com\fasterxml\jackson\core\jackson-annotations\2.10.5\jackson-annotations-2.10.5.jar;C:\Users\wellsfargofsd20\.m2\repository\com\fasterxml\jackson\core\jackson-core\2.10.5\jackson-core-2.10.5.jar;C:\Users\wellsfargofsd20\.m2\repository\com\fasterxml\jackson\datatype\jackson-datatype-jdk8\2.10.5\jackson-datatype-jdk8-2.10.5.jar;C:\Users\wellsfargofsd20\.m2\repository\com\fasterxml\jackson\datatype\jackson-datatype-jsr310\2.10.5\jackson-datatype-jsr310-2.10.5.jar;C:\Users\wellsfargofsd20\.m2\repository\com\fasterxml\jackson\module\jackson-module-parameter-names\2.10.5\jackson-module-parameter-names-2.10.5.jar;C:\Users\wellsfargofsd20\.m2\repository\org\springframework\boot\spring-boot-starter-tomcat\2.2.9.RELEASE\spring-boot-starter-tomcat-2.2.9.RELEASE.jar;C:\Users\wellsfargofsd20\.m2\repository\org\apache\tomcat\embed\tomcat-embed-websocket\9.0.37\tomcat-embed-websocket-9.0.37.jar;C:\Users\wellsfargofsd20\.m2\repository\org\springframework\boot\spring-boot-starter-validation\2.2.9.RELEASE\spring-boot-starter-validation-2.2.9.RELEASE.jar;C:\Users\wellsfargofsd20\.m2\repository\jakarta\validation\jakarta.validation-api\2.0.2\jakarta.validation-api-2.0.2.jar;C:\Users\wellsfargofsd20\.m2\repository\org\hibernate\validator\hibernate-validator\6.0.20.Final\hibernate-validator-6.0.20.Final.jar;C:\Users\wellsfargofsd20\.m2\repository\org\springframework\spring-webmvc\5.2.8.RELEASE\spring-webmvc-5.2.8.RELEASE.jar;C:\Users\wellsfargofsd20\.m2\repository\org\springframework\session\spring-session-core\2.2.3.RELEASE\spring-session-core-2.2.3.RELEASE.jar;C:\Users\wellsfargofsd20\.m2\repository\org\springframework\spring-jcl\5.2.8.RELEASE\spring-jcl-5.2.8.RELEASE.jar;C:\Users\wellsfargofsd20\.m2\repository\javax\servlet\jstl\1.2\jstl-1.2.jar;C:\Users\wellsfargofsd20\.m2\repository\org\apache\tomcat\embed\tomcat-embed-jasper\9.0.37\tomcat-embed-jasper-9.0.37.jar;C:\Users\wellsfargofsd20\.m2\repository\org\apache\tomcat\embed\tomcat-embed-core\9.0.37\tomcat-embed-core-9.0.37.jar;C:\Users\wellsfargofsd20\.m2\repository\org\apache\tomcat\tomcat-annotations-api\9.0.37\tomcat-annotations-api-9.0.37.jar;C:\Users\wellsfargofsd20\.m2\repository\org\apache\tomcat\embed\tomcat-embed-el\9.0.37\tomcat-embed-el-9.0.37.jar;C:\Users\wellsfargofsd20\.m2\repository\org\eclipse\jdt\ecj\3.18.0\ecj-3.18.0.jar;C:\Users\wellsfargofsd20\.m2\repository\org\springframework\boot\spring-boot-devtools\2.2.9.RELEASE\spring-boot-devtools-2.2.9.RELEASE.jar;C:\Users\wellsfargofsd20\.m2\repository\org\springframework\boot\spring-boot\2.2.9.RELEASE\spring-boot-2.2.9.RELEASE.jar;C:\Users\wellsfargofsd20\.m2\repository\org\springframework\boot\spring-boot-autoconfigure\2.2.9.RELEASE\spring-boot-autoconfigure-2.2.9.RELEASE.jar;C:\Users\wellsfargofsd20\.m2\repository\javax\el\javax.el-api\3.0.1-b06\javax.el-api-3.0.1-b06.jar;C:\Users\wellsfargofsd20\.m2\repository\org\glassfish\javax.el\3.0.1-b11\javax.el-3.0.1-b11.jar;C:\Users\wellsfargofsd20\.m2\repository\org\springframework\boot\spring-boot-starter-test\2.2.9.RELEASE\spring-boot-starter-test-2.2.9.RELEASE.jar;C:\Users\wellsfargofsd20\.m2\repository\org\springframework\boot\spring-boot-test\2.2.9.RELEASE\spring-boot-test-2.2.9.RELEASE.jar;C:\Users\wellsfargofsd20\.m2\repository\org\springframework\boot\spring-boot-test-autoconfigure\2.2.9.RELEASE\spring-boot-test-autoconfigure-2.2.9.RELEASE.jar;C:\Users\wellsfargofsd20\.m2\repository\com\jayway\jsonpath\json-path\2.4.0\json-path-2.4.0.jar;C:\Users\wellsfargofsd20\.m2\repository\net\minidev\json-smart\2.3\json-smart-2.3.jar;C:\Users\wellsfargofsd20\.m2\repository\net\minidev\accessors-smart\1.2\accessors-smart-1.2.jar;C:\Users\wellsfargofsd20\.m2\repository\org\ow2\asm\asm\5.0.4\asm-5.0.4.jar;C:\Users\wellsfargofsd20\.m2\repository\jakarta\xml\bind\jakarta.xml.bind-api\2.3.3\jakarta.xml.bind-api-2.3.3.jar;C:\Users\wellsfargofsd20\.m2\repository\jakarta\activation\jakarta.activation-api\1.2.2\jakarta.activation-api-1.2.2.jar;C:\Users\wellsfargofsd20\.m2\repository\org\junit\jupiter\junit-jupiter\5.5.2\junit-jupiter-5.5.2.jar;C:\Users\wellsfargofsd20\.m2\repository\org\junit\jupiter\junit-jupiter-api\5.5.2\junit-jupiter-api-5.5.2.jar;C:\Users\wellsfargofsd20\.m2\repository\org\opentest4j\opentest4j\1.2.0\opentest4j-1.2.0.jar;C:\Users\wellsfargofsd20\.m2\repository\org\junit\platform\junit-platform-commons\1.5.2\junit-platform-commons-1.5.2.jar;C:\Users\wellsfargofsd20\.m2\repository\org\junit\jupiter\junit-jupiter-params\5.5.2\junit-jupiter-params-5.5.2.jar;C:\Users\wellsfargofsd20\.m2\repository\org\junit\jupiter\junit-jupiter-engine\5.5.2\junit-jupiter-engine-5.5.2.jar;C:\Users\wellsfargofsd20\.m2\repository\org\junit\vintage\junit-vintage-engine\5.5.2\junit-vintage-engine-5.5.2.jar;C:\Users\wellsfargofsd20\.m2\repository\org\apiguardian\apiguardian-api\1.1.0\apiguardian-api-1.1.0.jar;C:\Users\wellsfargofsd20\.m2\repository\org\junit\platform\junit-platform-engine\1.5.2\junit-platform-engine-1.5.2.jar;C:\Users\wellsfargofsd20\.m2\repository\junit\junit\4.12\junit-4.12.jar;C:\Users\wellsfargofsd20\.m2\repository\org\mockito\mockito-junit-jupiter\3.1.0\mockito-junit-jupiter-3.1.0.jar;C:\Users\wellsfargofsd20\.m2\repository\org\assertj\assertj-core\3.13.2\assertj-core-3.13.2.jar;C:\Users\wellsfargofsd20\.m2\repository\org\hamcrest\hamcrest\2.1\hamcrest-2.1.jar;C:\Users\wellsfargofsd20\.m2\repository\org\mockito\mockito-core\3.1.0\mockito-core-3.1.0.jar;C:\Users\wellsfargofsd20\.m2\repository\net\bytebuddy\byte-buddy-agent\1.10.13\byte-buddy-agent-1.10.13.jar;C:\Users\wellsfargofsd20\.m2\repository\org\objenesis\objenesis\2.6\objenesis-2.6.jar;C:\Users\wellsfargofsd20\.m2\repository\org\skyscreamer\jsonassert\1.5.0\jsonassert-1.5.0.jar;C:\Users\wellsfargofsd20\.m2\repository\com\vaadin\external\google\android-json\0.0.20131108.vaadin1\android-json-0.0.20131108.vaadin1.jar;C:\Users\wellsfargofsd20\.m2\repository\org\springframework\spring-test\5.2.8.RELEASE\spring-test-5.2.8.RELEASE.jar;C:\Users\wellsfargofsd20\.m2\repository\org\xmlunit\xmlunit-core\2.6.4\xmlunit-core-2.6.4.jar;C:\Users\wellsfargofsd20\.m2\repository\org\springframework\security\spring-security-test\5.2.5.RELEASE\spring-security-test-5.2.5.RELEASE.jar;"/>
    <property name="java.vm.vendor" value="Oracle Corporation"/>
    <property name="sun.arch.data.model" value="64"/>
    <property name="user.variant" value=""/>
    <property name="java.vendor.url" value="http://java.oracle.com/"/>
    <property name="user.timezone" value="Asia/Calcutta"/>
    <property name="java.vm.specification.version" value="1.8"/>
    <property name="os.name" value="Windows 10"/>
    <property name="user.country" value="IN"/>
    <property name="sun.java.launcher" value="SUN_STANDARD"/>
    <property name="sun.boot.library.path" value="C:\Program Files\Java\jre1.8.0_201\bin"/>
    <property name="sun.java.command" value="C:\Users\WELLSF~1\AppData\Local\Temp\surefire1511448207438649537\surefirebooter7529760367128075278.jar C:\Users\wellsfargofsd20\AppData\Local\Temp\surefire1511448207438649537 2020-10-01T00-11-45_254-jvmRun1 surefire565722667234877636tmp surefire_05744340602553416121tmp"/>
    <property name="surefire.test.class.path" value="C:\Users\wellsfargofsd20\Downloads\coronakit-sba2-springboot-mvc-master\target\test-classes;C:\Users\wellsfargofsd20\Downloads\coronakit-sba2-springboot-mvc-master\target\classes;C:\Users\wellsfargofsd20\.m2\repository\org\springframework\boot\spring-boot-starter-data-jpa\2.2.9.RELEASE\spring-boot-starter-data-jpa-2.2.9.RELEASE.jar;C:\Users\wellsfargofsd20\.m2\repository\org\springframework\boot\spring-boot-starter-aop\2.2.9.RELEASE\spring-boot-starter-aop-2.2.9.RELEASE.jar;C:\Users\wellsfargofsd20\.m2\repository\org\aspectj\aspectjweaver\1.9.6\aspectjweaver-1.9.6.jar;C:\Users\wellsfargofsd20\.m2\repository\org\springframework\boot\spring-boot-starter-jdbc\2.2.9.RELEASE\spring-boot-starter-jdbc-2.2.9.RELEASE.jar;C:\Users\wellsfargofsd20\.m2\repository\com\zaxxer\HikariCP\3.4.5\HikariCP-3.4.5.jar;C:\Users\wellsfargofsd20\.m2\repository\org\springframework\spring-jdbc\5.2.8.RELEASE\spring-jdbc-5.2.8.RELEASE.jar;C:\Users\wellsfargofsd20\.m2\repository\jakarta\persistence\jakarta.persistence-api\2.2.3\jakarta.persistence-api-2.2.3.jar;C:\Users\wellsfargofsd20\.m2\repository\jakarta\transaction\jakarta.transaction-api\1.3.3\jakarta.transaction-api-1.3.3.jar;C:\Users\wellsfargofsd20\.m2\repository\org\hibernate\hibernate-core\5.4.18.Final\hibernate-core-5.4.18.Final.jar;C:\Users\wellsfargofsd20\.m2\repository\org\jboss\logging\jboss-logging\3.4.1.Final\jboss-logging-3.4.1.Final.jar;C:\Users\wellsfargofsd20\.m2\repository\org\javassist\javassist\3.24.0-GA\javassist-3.24.0-GA.jar;C:\Users\wellsfargofsd20\.m2\repository\net\bytebuddy\byte-buddy\1.10.13\byte-buddy-1.10.13.jar;C:\Users\wellsfargofsd20\.m2\repository\antlr\antlr\2.7.7\antlr-2.7.7.jar;C:\Users\wellsfargofsd20\.m2\repository\org\jboss\jandex\2.1.3.Final\jandex-2.1.3.Final.jar;C:\Users\wellsfargofsd20\.m2\repository\com\fasterxml\classmate\1.5.1\classmate-1.5.1.jar;C:\Users\wellsfargofsd20\.m2\repository\org\dom4j\dom4j\2.1.3\dom4j-2.1.3.jar;C:\Users\wellsfargofsd20\.m2\repository\org\hibernate\common\hibernate-commons-annotations\5.1.0.Final\hibernate-commons-annotations-5.1.0.Final.jar;C:\Users\wellsfargofsd20\.m2\repository\org\glassfish\jaxb\jaxb-runtime\2.3.3\jaxb-runtime-2.3.3.jar;C:\Users\wellsfargofsd20\.m2\repository\org\glassfish\jaxb\txw2\2.3.3\txw2-2.3.3.jar;C:\Users\wellsfargofsd20\.m2\repository\com\sun\istack\istack-commons-runtime\3.0.11\istack-commons-runtime-3.0.11.jar;C:\Users\wellsfargofsd20\.m2\repository\com\sun\activation\jakarta.activation\1.2.2\jakarta.activation-1.2.2.jar;C:\Users\wellsfargofsd20\.m2\repository\org\springframework\data\spring-data-jpa\2.2.9.RELEASE\spring-data-jpa-2.2.9.RELEASE.jar;C:\Users\wellsfargofsd20\.m2\repository\org\springframework\data\spring-data-commons\2.2.9.RELEASE\spring-data-commons-2.2.9.RELEASE.jar;C:\Users\wellsfargofsd20\.m2\repository\org\springframework\spring-orm\5.2.8.RELEASE\spring-orm-5.2.8.RELEASE.jar;C:\Users\wellsfargofsd20\.m2\repository\org\springframework\spring-tx\5.2.8.RELEASE\spring-tx-5.2.8.RELEASE.jar;C:\Users\wellsfargofsd20\.m2\repository\org\slf4j\slf4j-api\1.7.30\slf4j-api-1.7.30.jar;C:\Users\wellsfargofsd20\.m2\repository\org\springframework\spring-aspects\5.2.8.RELEASE\spring-aspects-5.2.8.RELEASE.jar;C:\Users\wellsfargofsd20\.m2\repository\com\h2database\h2\1.4.192\h2-1.4.192.jar;C:\Users\wellsfargofsd20\.m2\repository\org\springframework\boot\spring-boot-starter-security\2.2.9.RELEASE\spring-boot-starter-security-2.2.9.RELEASE.jar;C:\Users\wellsfargofsd20\.m2\repository\org\springframework\boot\spring-boot-starter\2.2.9.RELEASE\spring-boot-starter-2.2.9.RELEASE.jar;C:\Users\wellsfargofsd20\.m2\repository\org\springframework\boot\spring-boot-starter-logging\2.2.9.RELEASE\spring-boot-starter-logging-2.2.9.RELEASE.jar;C:\Users\wellsfargofsd20\.m2\repository\ch\qos\logback\logback-classic\1.2.3\logback-classic-1.2.3.jar;C:\Users\wellsfargofsd20\.m2\repository\ch\qos\logback\logback-core\1.2.3\logback-core-1.2.3.jar;C:\Users\wellsfargofsd20\.m2\repository\org\apache\logging\log4j\log4j-to-slf4j\2.12.1\log4j-to-slf4j-2.12.1.jar;C:\Users\wellsfargofsd20\.m2\repository\org\apache\logging\log4j\log4j-api\2.12.1\log4j-api-2.12.1.jar;C:\Users\wellsfargofsd20\.m2\repository\org\slf4j\jul-to-slf4j\1.7.30\jul-to-slf4j-1.7.30.jar;C:\Users\wellsfargofsd20\.m2\repository\jakarta\annotation\jakarta.annotation-api\1.3.5\jakarta.annotation-api-1.3.5.jar;C:\Users\wellsfargofsd20\.m2\repository\org\yaml\snakeyaml\1.25\snakeyaml-1.25.jar;C:\Users\wellsfargofsd20\.m2\repository\org\springframework\spring-aop\5.2.8.RELEASE\spring-aop-5.2.8.RELEASE.jar;C:\Users\wellsfargofsd20\.m2\repository\org\springframework\security\spring-security-config\5.2.5.RELEASE\spring-security-config-5.2.5.RELEASE.jar;C:\Users\wellsfargofsd20\.m2\repository\org\springframework\security\spring-security-web\5.2.5.RELEASE\spring-security-web-5.2.5.RELEASE.jar;C:\Users\wellsfargofsd20\.m2\repository\org\springframework\security\spring-security-taglibs\5.2.2.RELEASE\spring-security-taglibs-5.2.2.RELEASE.jar;C:\Users\wellsfargofsd20\.m2\repository\org\springframework\security\spring-security-acl\5.2.5.RELEASE\spring-security-acl-5.2.5.RELEASE.jar;C:\Users\wellsfargofsd20\.m2\repository\org\springframework\security\spring-security-core\5.2.5.RELEASE\spring-security-core-5.2.5.RELEASE.jar;C:\Users\wellsfargofsd20\.m2\repository\org\springframework\spring-beans\5.2.8.RELEASE\spring-beans-5.2.8.RELEASE.jar;C:\Users\wellsfargofsd20\.m2\repository\org\springframework\spring-context\5.2.8.RELEASE\spring-context-5.2.8.RELEASE.jar;C:\Users\wellsfargofsd20\.m2\repository\org\springframework\spring-core\5.2.8.RELEASE\spring-core-5.2.8.RELEASE.jar;C:\Users\wellsfargofsd20\.m2\repository\org\springframework\spring-expression\5.2.8.RELEASE\spring-expression-5.2.8.RELEASE.jar;C:\Users\wellsfargofsd20\.m2\repository\org\springframework\spring-web\5.2.8.RELEASE\spring-web-5.2.8.RELEASE.jar;C:\Users\wellsfargofsd20\.m2\repository\org\springframework\boot\spring-boot-starter-web\2.2.9.RELEASE\spring-boot-starter-web-2.2.9.RELEASE.jar;C:\Users\wellsfargofsd20\.m2\repository\org\springframework\boot\spring-boot-starter-json\2.2.9.RELEASE\spring-boot-starter-json-2.2.9.RELEASE.jar;C:\Users\wellsfargofsd20\.m2\repository\com\fasterxml\jackson\core\jackson-databind\2.10.5\jackson-databind-2.10.5.jar;C:\Users\wellsfargofsd20\.m2\repository\com\fasterxml\jackson\core\jackson-annotations\2.10.5\jackson-annotations-2.10.5.jar;C:\Users\wellsfargofsd20\.m2\repository\com\fasterxml\jackson\core\jackson-core\2.10.5\jackson-core-2.10.5.jar;C:\Users\wellsfargofsd20\.m2\repository\com\fasterxml\jackson\datatype\jackson-datatype-jdk8\2.10.5\jackson-datatype-jdk8-2.10.5.jar;C:\Users\wellsfargofsd20\.m2\repository\com\fasterxml\jackson\datatype\jackson-datatype-jsr310\2.10.5\jackson-datatype-jsr310-2.10.5.jar;C:\Users\wellsfargofsd20\.m2\repository\com\fasterxml\jackson\module\jackson-module-parameter-names\2.10.5\jackson-module-parameter-names-2.10.5.jar;C:\Users\wellsfargofsd20\.m2\repository\org\springframework\boot\spring-boot-starter-tomcat\2.2.9.RELEASE\spring-boot-starter-tomcat-2.2.9.RELEASE.jar;C:\Users\wellsfargofsd20\.m2\repository\org\apache\tomcat\embed\tomcat-embed-websocket\9.0.37\tomcat-embed-websocket-9.0.37.jar;C:\Users\wellsfargofsd20\.m2\repository\org\springframework\boot\spring-boot-starter-validation\2.2.9.RELEASE\spring-boot-starter-validation-2.2.9.RELEASE.jar;C:\Users\wellsfargofsd20\.m2\repository\jakarta\validation\jakarta.validation-api\2.0.2\jakarta.validation-api-2.0.2.jar;C:\Users\wellsfargofsd20\.m2\repository\org\hibernate\validator\hibernate-validator\6.0.20.Final\hibernate-validator-6.0.20.Final.jar;C:\Users\wellsfargofsd20\.m2\repository\org\springframework\spring-webmvc\5.2.8.RELEASE\spring-webmvc-5.2.8.RELEASE.jar;C:\Users\wellsfargofsd20\.m2\repository\org\springframework\session\spring-session-core\2.2.3.RELEASE\spring-session-core-2.2.3.RELEASE.jar;C:\Users\wellsfargofsd20\.m2\repository\org\springframework\spring-jcl\5.2.8.RELEASE\spring-jcl-5.2.8.RELEASE.jar;C:\Users\wellsfargofsd20\.m2\repository\javax\servlet\jstl\1.2\jstl-1.2.jar;C:\Users\wellsfargofsd20\.m2\repository\org\apache\tomcat\embed\tomcat-embed-jasper\9.0.37\tomcat-embed-jasper-9.0.37.jar;C:\Users\wellsfargofsd20\.m2\repository\org\apache\tomcat\embed\tomcat-embed-core\9.0.37\tomcat-embed-core-9.0.37.jar;C:\Users\wellsfargofsd20\.m2\repository\org\apache\tomcat\tomcat-annotations-api\9.0.37\tomcat-annotations-api-9.0.37.jar;C:\Users\wellsfargofsd20\.m2\repository\org\apache\tomcat\embed\tomcat-embed-el\9.0.37\tomcat-embed-el-9.0.37.jar;C:\Users\wellsfargofsd20\.m2\repository\org\eclipse\jdt\ecj\3.18.0\ecj-3.18.0.jar;C:\Users\wellsfargofsd20\.m2\repository\org\springframework\boot\spring-boot-devtools\2.2.9.RELEASE\spring-boot-devtools-2.2.9.RELEASE.jar;C:\Users\wellsfargofsd20\.m2\repository\org\springframework\boot\spring-boot\2.2.9.RELEASE\spring-boot-2.2.9.RELEASE.jar;C:\Users\wellsfargofsd20\.m2\repository\org\springframework\boot\spring-boot-autoconfigure\2.2.9.RELEASE\spring-boot-autoconfigure-2.2.9.RELEASE.jar;C:\Users\wellsfargofsd20\.m2\repository\javax\el\javax.el-api\3.0.1-b06\javax.el-api-3.0.1-b06.jar;C:\Users\wellsfargofsd20\.m2\repository\org\glassfish\javax.el\3.0.1-b11\javax.el-3.0.1-b11.jar;C:\Users\wellsfargofsd20\.m2\repository\org\springframework\boot\spring-boot-starter-test\2.2.9.RELEASE\spring-boot-starter-test-2.2.9.RELEASE.jar;C:\Users\wellsfargofsd20\.m2\repository\org\springframework\boot\spring-boot-test\2.2.9.RELEASE\spring-boot-test-2.2.9.RELEASE.jar;C:\Users\wellsfargofsd20\.m2\repository\org\springframework\boot\spring-boot-test-autoconfigure\2.2.9.RELEASE\spring-boot-test-autoconfigure-2.2.9.RELEASE.jar;C:\Users\wellsfargofsd20\.m2\repository\com\jayway\jsonpath\json-path\2.4.0\json-path-2.4.0.jar;C:\Users\wellsfargofsd20\.m2\repository\net\minidev\json-smart\2.3\json-smart-2.3.jar;C:\Users\wellsfargofsd20\.m2\repository\net\minidev\accessors-smart\1.2\accessors-smart-1.2.jar;C:\Users\wellsfargofsd20\.m2\repository\org\ow2\asm\asm\5.0.4\asm-5.0.4.jar;C:\Users\wellsfargofsd20\.m2\repository\jakarta\xml\bind\jakarta.xml.bind-api\2.3.3\jakarta.xml.bind-api-2.3.3.jar;C:\Users\wellsfargofsd20\.m2\repository\jakarta\activation\jakarta.activation-api\1.2.2\jakarta.activation-api-1.2.2.jar;C:\Users\wellsfargofsd20\.m2\repository\org\junit\jupiter\junit-jupiter\5.5.2\junit-jupiter-5.5.2.jar;C:\Users\wellsfargofsd20\.m2\repository\org\junit\jupiter\junit-jupiter-api\5.5.2\junit-jupiter-api-5.5.2.jar;C:\Users\wellsfargofsd20\.m2\repository\org\opentest4j\opentest4j\1.2.0\opentest4j-1.2.0.jar;C:\Users\wellsfargofsd20\.m2\repository\org\junit\platform\junit-platform-commons\1.5.2\junit-platform-commons-1.5.2.jar;C:\Users\wellsfargofsd20\.m2\repository\org\junit\jupiter\junit-jupiter-params\5.5.2\junit-jupiter-params-5.5.2.jar;C:\Users\wellsfargofsd20\.m2\repository\org\junit\jupiter\junit-jupiter-engine\5.5.2\junit-jupiter-engine-5.5.2.jar;C:\Users\wellsfargofsd20\.m2\repository\org\junit\vintage\junit-vintage-engine\5.5.2\junit-vintage-engine-5.5.2.jar;C:\Users\wellsfargofsd20\.m2\repository\org\apiguardian\apiguardian-api\1.1.0\apiguardian-api-1.1.0.jar;C:\Users\wellsfargofsd20\.m2\repository\org\junit\platform\junit-platform-engine\1.5.2\junit-platform-engine-1.5.2.jar;C:\Users\wellsfargofsd20\.m2\repository\junit\junit\4.12\junit-4.12.jar;C:\Users\wellsfargofsd20\.m2\repository\org\mockito\mockito-junit-jupiter\3.1.0\mockito-junit-jupiter-3.1.0.jar;C:\Users\wellsfargofsd20\.m2\repository\org\assertj\assertj-core\3.13.2\assertj-core-3.13.2.jar;C:\Users\wellsfargofsd20\.m2\repository\org\hamcrest\hamcrest\2.1\hamcrest-2.1.jar;C:\Users\wellsfargofsd20\.m2\repository\org\mockito\mockito-core\3.1.0\mockito-core-3.1.0.jar;C:\Users\wellsfargofsd20\.m2\repository\net\bytebuddy\byte-buddy-agent\1.10.13\byte-buddy-agent-1.10.13.jar;C:\Users\wellsfargofsd20\.m2\repository\org\objenesis\objenesis\2.6\objenesis-2.6.jar;C:\Users\wellsfargofsd20\.m2\repository\org\skyscreamer\jsonassert\1.5.0\jsonassert-1.5.0.jar;C:\Users\wellsfargofsd20\.m2\repository\com\vaadin\external\google\android-json\0.0.20131108.vaadin1\android-json-0.0.20131108.vaadin1.jar;C:\Users\wellsfargofsd20\.m2\repository\org\springframework\spring-test\5.2.8.RELEASE\spring-test-5.2.8.RELEASE.jar;C:\Users\wellsfargofsd20\.m2\repository\org\xmlunit\xmlunit-core\2.6.4\xmlunit-core-2.6.4.jar;C:\Users\wellsfargofsd20\.m2\repository\org\springframework\security\spring-security-test\5.2.5.RELEASE\spring-security-test-5.2.5.RELEASE.jar;"/>
    <property name="sun.cpu.endian" value="little"/>
    <property name="user.home" value="C:\Users\wellsfargofsd20"/>
    <property name="user.language" value="en"/>
    <property name="java.specification.vendor" value="Oracle Corporation"/>
    <property name="java.home" value="C:\Program Files\Java\jre1.8.0_201"/>
    <property name="basedir" value="C:\Users\wellsfargofsd20\Downloads\coronakit-sba2-springboot-mvc-master"/>
    <property name="style.color" value="always"/>
    <property name="file.separator" value="\"/>
    <property name="line.separator" value="&#10;"/>
    <property name="java.vm.specification.vendor" value="Oracle Corporation"/>
    <property name="java.specification.name" value="Java Platform API Specification"/>
    <property name="java.awt.graphicsenv" value="sun.awt.Win32GraphicsEnvironment"/>
    <property name="surefire.real.class.path" value="C:\Users\WELLSF~1\AppData\Local\Temp\surefire1511448207438649537\surefirebooter7529760367128075278.jar"/>
    <property name="sun.boot.class.path" value="C:\Program Files\Java\jre1.8.0_201\lib\resources.jar;C:\Program Files\Java\jre1.8.0_201\lib\rt.jar;C:\Program Files\Java\jre1.8.0_201\lib\sunrsasign.jar;C:\Program Files\Java\jre1.8.0_201\lib\jsse.jar;C:\Program Files\Java\jre1.8.0_201\lib\jce.jar;C:\Program Files\Java\jre1.8.0_201\lib\charsets.jar;C:\Program Files\Java\jre1.8.0_201\lib\jfr.jar;C:\Program Files\Java\jre1.8.0_201\classes"/>
    <property name="user.script" value=""/>
    <property name="sun.management.compiler" value="HotSpot 64-Bit Tiered Compilers"/>
    <property name="java.runtime.version" value="1.8.0_201-b09"/>
    <property name="user.name" value="wellsfargofsd20"/>
    <property name="path.separator" value=";"/>
    <property name="os.version" value="10.0"/>
    <property name="java.endorsed.dirs" value="C:\Program Files\Java\jre1.8.0_201\lib\endorsed"/>
    <property name="java.runtime.name" value="Java(TM) SE Runtime Environment"/>
    <property name="file.encoding" value="Cp1252"/>
    <property name="java.vm.name" value="Java HotSpot(TM) 64-Bit Server VM"/>
    <property name="localRepository" value="C:\Users\wellsfargofsd20\.m2\repository"/>
    <property name="java.vendor.url.bug" value="http://bugreport.sun.com/bugreport/"/>
    <property name="java.io.tmpdir" value="C:\Users\WELLSF~1\AppData\Local\Temp\"/>
    <property name="java.version" value="1.8.0_201"/>
    <property name="user.dir" value="C:\Users\wellsfargofsd20\Downloads\coronakit-sba2-springboot-mvc-master"/>
    <property name="os.arch" value="amd64"/>
    <property name="java.vm.specification.name" value="Java Virtual Machine Specification"/>
    <property name="java.awt.printerjob" value="sun.awt.windows.WPrinterJob"/>
    <property name="sun.os.patch.level" value=""/>
    <property name="java.library.path" value="C:\Program Files\Java\jre1.8.0_201\bin;C:\Windows\Sun\Java\bin;C:\Windows\system32;C:\Windows;C:/Program Files/Java/jre1.8.0_201/bin/server;C:/Program Files/Java/jre1.8.0_201/bin;C:/Program Files/Java/jre1.8.0_201/lib/amd64;C:\Program Files\WinRAR;C:\Program Files\WinRAR;C:\Program Files (x86)\Python38-32\Scripts\;C:\Program Files (x86)\Python38-32\;C:\ProgramData\DockerDesktop\version-bin;C:\Program Files\Docker\Docker\Resources\bin;C:\Program Files (x86)\Common Files\Oracle\Java\javapath;C:\Windows\system32;C:\Windows;C:\Windows\System32\Wbem;C:\Windows\System32\WindowsPowerShell\v1.0\;C:\Program Files\Citrix\System32\;C:\Program Files\Citrix\ICAService\;C:\Program Files\Citrix\Virtual Desktop Agent\;C:\Program Files\Java\jdk1.8.0_201\bin;C:\Program Files\Java\jre1.8.0_201\bin;C:\Program Files\Git\cmd;C:\Program Files\nodejs\;C:\Program Files\Microsoft VS Code\bin;C:\Program Files (x86)\Brackets\command;C:\Users\wellsfargofsd20\AppData\Local\Microsoft\WindowsApps;;C:\Users\WELLSF~1\AppData\Local\Temp\Rar$EXa10572.3498\sts-4.7.2.RELEASE;;."/>
    <property name="java.vm.info" value="mixed mode"/>
    <property name="java.vendor" value="Oracle Corporation"/>
    <property name="java.vm.version" value="25.201-b09"/>
    <property name="java.ext.dirs" value="C:\Program Files\Java\jre1.8.0_201\lib\ext;C:\Windows\Sun\Java\lib\ext"/>
    <property name="sun.io.unicode.encoding" value="UnicodeLittle"/>
    <property name="java.class.version" value="52.0"/>
  </properties>
  <testcase name="testUserAddProductToKit" classname="com.eval.coronakit.test.Functional.UserControllerTest" time="0.082">
    <error message="Request processing failed; nested exception is java.lang.NullPointerException" type="org.springframework.web.util.NestedServletException">org.springframework.web.util.NestedServletException: Request processing failed; nested exception is java.lang.NullPointerException
	at com.eval.coronakit.test.Functional.UserControllerTest.testUserAddProductToKit(UserControllerTest.java:99)
Caused by: java.lang.NullPointerException
	at com.eval.coronakit.test.Functional.UserControllerTest.testUserAddProductToKit(UserControllerTest.java:99)
</error>
    <system-out><![CDATA[
  .   ____          _            __ _ _
 /\\ / ___'_ __ _ _(_)_ __  __ _ \ \ \ \
( ( )\___ | '_ | '_| | '_ \/ _` | \ \ \ \
 \\/  ___)| |_)| | | | | || (_| |  ) ) ) )
  '  |____| .__|_| |_|_| |_\__, | / / / /
 =========|_|==============|___/=/_/_/_/
 :: Spring Boot ::        (v2.2.9.RELEASE)

2020-10-01 00:11:56.447  INFO 7244 --- [           main] c.e.c.t.Functional.UserControllerTest    : Starting UserControllerTest on WFJfsd178 with PID 7244 (started by wellsfargofsd20 in C:\Users\wellsfargofsd20\Downloads\coronakit-sba2-springboot-mvc-master)
2020-10-01 00:11:56.448  INFO 7244 --- [           main] c.e.c.t.Functional.UserControllerTest    : No active profile set, falling back to default profiles: default
2020-10-01 00:11:56.765  WARN 7244 --- [           main] o.s.security.core.userdetails.User       : User.withDefaultPasswordEncoder() is considered unsafe for production and is only intended for sample applications.
2020-10-01 00:11:57.386  INFO 7244 --- [           main] o.s.s.web.DefaultSecurityFilterChain     : Creating filter chain: any request, [org.springframework.security.web.context.request.async.WebAsyncManagerIntegrationFilter@57cff804, org.springframework.security.web.context.SecurityContextPersistenceFilter@104cfb24, org.springframework.security.web.header.HeaderWriterFilter@5d94ac8a, org.springframework.security.web.authentication.logout.LogoutFilter@2fccf49e, org.springframework.security.web.authentication.UsernamePasswordAuthenticationFilter@612290d, org.springframework.security.web.savedrequest.RequestCacheAwareFilter@5340ccb9, org.springframework.security.web.servletapi.SecurityContextHolderAwareRequestFilter@2bc8caa7, org.springframework.security.web.authentication.AnonymousAuthenticationFilter@2f39b534, org.springframework.security.web.session.SessionManagementFilter@288b73c1, org.springframework.security.web.access.ExceptionTranslationFilter@3180aee, org.springframework.security.web.access.intercept.FilterSecurityInterceptor@1cfa7ee0]
2020-10-01 00:11:57.557  INFO 7244 --- [           main] o.s.s.concurrent.ThreadPoolTaskExecutor  : Initializing ExecutorService 'applicationTaskExecutor'
2020-10-01 00:11:57.590  INFO 7244 --- [           main] o.s.b.a.w.s.WelcomePageHandlerMapping    : Adding welcome page template: index
2020-10-01 00:11:57.736  INFO 7244 --- [           main] o.s.b.t.m.w.SpringBootMockServletContext : Initializing Spring TestDispatcherServlet ''
2020-10-01 00:11:57.740  INFO 7244 --- [           main] o.s.t.web.servlet.TestDispatcherServlet  : Initializing Servlet ''
2020-10-01 00:11:57.767  INFO 7244 --- [           main] o.s.t.web.servlet.TestDispatcherServlet  : Completed initialization in 25 ms
2020-10-01 00:11:57.805  INFO 7244 --- [           main] c.e.c.t.Functional.UserControllerTest    : Started UserControllerTest in 1.393 seconds (JVM running for 12.005)
]]></system-out>
  </testcase>
  <testcase name="testUserFinalizeOrder" classname="com.eval.coronakit.test.Functional.UserControllerTest" time="0.023"/>
  <testcase name="testUserHome" classname="com.eval.coronakit.test.Functional.UserControllerTest" time="0.007"/>
  <testcase name="testUserDeleteItemFormKit" classname="com.eval.coronakit.test.Functional.UserControllerTest" time="0.009"/>
  <testcase name="testUserListAllProduct" classname="com.eval.coronakit.test.Functional.UserControllerTest" time="0.006"/>
  <testcase name="testUserShowKit" classname="com.eval.coronakit.test.Functional.UserControllerTest" time="0.008"/>
  <testcase name="testUserCheckout" classname="com.eval.coronakit.test.Functional.UserControllerTest" time="0.017"/>
</testsuite>